<?xml version="1.0" encoding="UTF-8"?>
<testsuite name="com.kodilla.homework11.Homework11ApplicationTests" tests="1" skipped="0" failures="0" errors="0" timestamp="2020-08-10T09:08:43" hostname="machine" time="0.48">
  <properties/>
  <testcase name="contextLoads()" classname="com.kodilla.homework11.Homework11ApplicationTests" time="0.48"/>
  <system-out><![CDATA[11:08:39.970 [Test worker] DEBUG org.springframework.test.context.BootstrapUtils - Instantiating CacheAwareContextLoaderDelegate from class [org.springframework.test.context.cache.DefaultCacheAwareContextLoaderDelegate]
11:08:39.983 [Test worker] DEBUG org.springframework.test.context.BootstrapUtils - Instantiating BootstrapContext using constructor [public org.springframework.test.context.support.DefaultBootstrapContext(java.lang.Class,org.springframework.test.context.CacheAwareContextLoaderDelegate)]
11:08:40.020 [Test worker] DEBUG org.springframework.test.context.BootstrapUtils - Instantiating TestContextBootstrapper for test class [com.kodilla.homework11.Homework11ApplicationTests] from class [org.springframework.boot.test.context.SpringBootTestContextBootstrapper]
11:08:40.035 [Test worker] INFO org.springframework.boot.test.context.SpringBootTestContextBootstrapper - Neither @ContextConfiguration nor @ContextHierarchy found for test class [com.kodilla.homework11.Homework11ApplicationTests], using SpringBootContextLoader
11:08:40.040 [Test worker] DEBUG org.springframework.test.context.support.AbstractContextLoader - Did not detect default resource location for test class [com.kodilla.homework11.Homework11ApplicationTests]: class path resource [com/kodilla/homework11/Homework11ApplicationTests-context.xml] does not exist
11:08:40.041 [Test worker] DEBUG org.springframework.test.context.support.AbstractContextLoader - Did not detect default resource location for test class [com.kodilla.homework11.Homework11ApplicationTests]: class path resource [com/kodilla/homework11/Homework11ApplicationTestsContext.groovy] does not exist
11:08:40.042 [Test worker] INFO org.springframework.test.context.support.AbstractContextLoader - Could not detect default resource locations for test class [com.kodilla.homework11.Homework11ApplicationTests]: no resource found for suffixes {-context.xml, Context.groovy}.
11:08:40.043 [Test worker] INFO org.springframework.test.context.support.AnnotationConfigContextLoaderUtils - Could not detect default configuration classes for test class [com.kodilla.homework11.Homework11ApplicationTests]: Homework11ApplicationTests does not declare any static, non-private, non-final, nested classes annotated with @Configuration.
11:08:40.081 [Test worker] DEBUG org.springframework.test.context.support.ActiveProfilesUtils - Could not find an 'annotation declaring class' for annotation type [org.springframework.test.context.ActiveProfiles] and class [com.kodilla.homework11.Homework11ApplicationTests]
11:08:40.138 [Test worker] DEBUG org.springframework.context.annotation.ClassPathScanningCandidateComponentProvider - Identified candidate component class: file [/home/anna/IdeaProjects/homework11/build/classes/java/main/com/kodilla/homework11/Homework11Application.class]
11:08:40.139 [Test worker] INFO org.springframework.boot.test.context.SpringBootTestContextBootstrapper - Found @SpringBootConfiguration com.kodilla.homework11.Homework11Application for test class com.kodilla.homework11.Homework11ApplicationTests
11:08:40.230 [Test worker] DEBUG org.springframework.boot.test.context.SpringBootTestContextBootstrapper - @TestExecutionListeners is not present for class [com.kodilla.homework11.Homework11ApplicationTests]: using defaults.
11:08:40.230 [Test worker] INFO org.springframework.boot.test.context.SpringBootTestContextBootstrapper - Loaded default TestExecutionListener class names from location [META-INF/spring.factories]: [org.springframework.security.test.context.support.WithSecurityContextTestExecutionListener, org.springframework.security.test.context.support.ReactorContextTestExecutionListener, org.springframework.boot.test.autoconfigure.restdocs.RestDocsTestExecutionListener, org.springframework.boot.test.autoconfigure.web.client.MockRestServiceServerResetTestExecutionListener, org.springframework.boot.test.autoconfigure.web.servlet.MockMvcPrintOnlyOnFailureTestExecutionListener, org.springframework.boot.test.autoconfigure.web.servlet.WebDriverTestExecutionListener, org.springframework.boot.test.autoconfigure.webservices.client.MockWebServiceServerTestExecutionListener, org.springframework.boot.test.mock.mockito.MockitoTestExecutionListener, org.springframework.boot.test.mock.mockito.ResetMocksTestExecutionListener, org.springframework.test.context.web.ServletTestExecutionListener, org.springframework.test.context.support.DirtiesContextBeforeModesTestExecutionListener, org.springframework.test.context.support.DependencyInjectionTestExecutionListener, org.springframework.test.context.support.DirtiesContextTestExecutionListener, org.springframework.test.context.transaction.TransactionalTestExecutionListener, org.springframework.test.context.jdbc.SqlScriptsTestExecutionListener, org.springframework.test.context.event.EventPublishingTestExecutionListener]
11:08:40.246 [Test worker] DEBUG org.springframework.boot.test.context.SpringBootTestContextBootstrapper - Skipping candidate TestExecutionListener [org.springframework.test.context.transaction.TransactionalTestExecutionListener] due to a missing dependency. Specify custom listener classes or make the default listener classes and their required dependencies available. Offending class: [org/springframework/transaction/interceptor/TransactionAttributeSource]
11:08:40.247 [Test worker] DEBUG org.springframework.boot.test.context.SpringBootTestContextBootstrapper - Skipping candidate TestExecutionListener [org.springframework.test.context.jdbc.SqlScriptsTestExecutionListener] due to a missing dependency. Specify custom listener classes or make the default listener classes and their required dependencies available. Offending class: [org/springframework/transaction/interceptor/TransactionAttribute]
11:08:40.247 [Test worker] INFO org.springframework.boot.test.context.SpringBootTestContextBootstrapper - Using TestExecutionListeners: [org.springframework.test.context.web.ServletTestExecutionListener@41ea1bd8, org.springframework.test.context.support.DirtiesContextBeforeModesTestExecutionListener@66afe991, org.springframework.boot.test.mock.mockito.MockitoTestExecutionListener@6a4f0350, org.springframework.boot.test.autoconfigure.SpringBootDependencyInjectionTestExecutionListener@7bbb5d7c, org.springframework.test.context.support.DirtiesContextTestExecutionListener@6a1ead08, org.springframework.security.test.context.support.WithSecurityContextTestExecutionListener@73e422bb, org.springframework.test.context.event.EventPublishingTestExecutionListener@6123fa14, org.springframework.security.test.context.support.ReactorContextTestExecutionListener@40520bf1, org.springframework.boot.test.autoconfigure.restdocs.RestDocsTestExecutionListener@5fbb881e, org.springframework.boot.test.autoconfigure.web.client.MockRestServiceServerResetTestExecutionListener@d1888a8, org.springframework.boot.test.autoconfigure.web.servlet.MockMvcPrintOnlyOnFailureTestExecutionListener@73152045, org.springframework.boot.test.autoconfigure.web.servlet.WebDriverTestExecutionListener@2348b055, org.springframework.boot.test.autoconfigure.webservices.client.MockWebServiceServerTestExecutionListener@2030275a, org.springframework.boot.test.mock.mockito.ResetMocksTestExecutionListener@69a4b63c]
11:08:40.253 [Test worker] DEBUG org.springframework.test.context.support.AbstractDirtiesContextTestExecutionListener - Before test class: context [DefaultTestContext@51241c0b testClass = Homework11ApplicationTests, testInstance = [null], testMethod = [null], testException = [null], mergedContextConfiguration = [WebMergedContextConfiguration@2a8c4505 testClass = Homework11ApplicationTests, locations = '{}', classes = '{class com.kodilla.homework11.Homework11Application}', contextInitializerClasses = '[]', activeProfiles = '{}', propertySourceLocations = '{}', propertySourceProperties = '{org.springframework.boot.test.context.SpringBootTestContextBootstrapper=true}', contextCustomizers = set[org.springframework.boot.test.autoconfigure.properties.PropertyMappingContextCustomizer@0, org.springframework.boot.test.autoconfigure.web.servlet.WebDriverContextCustomizerFactory$Customizer@67c1f1bd, org.springframework.boot.test.context.filter.ExcludeFilterContextCustomizer@5d6b7374, org.springframework.boot.test.json.DuplicateJsonObjectContextCustomizerFactory$DuplicateJsonObjectContextCustomizer@7257f49c, org.springframework.boot.test.mock.mockito.MockitoContextCustomizer@0, org.springframework.boot.test.web.client.TestRestTemplateContextCustomizer@5eef39f0, org.springframework.boot.test.context.SpringBootTestArgs@1], resourceBasePath = 'src/main/webapp', contextLoader = 'org.springframework.boot.test.context.SpringBootContextLoader', parent = [null]], attributes = map['org.springframework.test.context.web.ServletTestExecutionListener.activateListener' -> true]], class annotated with @DirtiesContext [false] with mode [null].
11:08:40.290 [Test worker] DEBUG org.springframework.test.context.support.TestPropertySourceUtils - Adding inlined properties to environment: {spring.jmx.enabled=false, org.springframework.boot.test.context.SpringBootTestContextBootstrapper=true}

  .   ____          _            __ _ _
 /\\ / ___'_ __ _ _(_)_ __  __ _ \ \ \ \
( ( )\___ | '_ | '_| | '_ \/ _` | \ \ \ \
 \\/  ___)| |_)| | | | | || (_| |  ) ) ) )
  '  |____| .__|_| |_|_| |_\__, | / / / /
 =========|_|==============|___/=/_/_/_/
 :: Spring Boot ::        (v2.3.2.RELEASE)

2020-08-10 11:08:40.629  INFO 26135 --- [    Test worker] c.k.h.Homework11ApplicationTests         : Starting Homework11ApplicationTests on machine with PID 26135 (started by anna in /home/anna/IdeaProjects/homework11)
2020-08-10 11:08:40.631  INFO 26135 --- [    Test worker] c.k.h.Homework11ApplicationTests         : No active profile set, falling back to default profiles: default
2020-08-10 11:08:42.703  INFO 26135 --- [    Test worker] o.s.s.concurrent.ThreadPoolTaskExecutor  : Initializing ExecutorService 'applicationTaskExecutor'
2020-08-10 11:08:43.353  INFO 26135 --- [    Test worker] .s.s.UserDetailsServiceAutoConfiguration : 

Using generated security password: 19947d25-9539-4e12-b79a-412cf48a8e9c

2020-08-10 11:08:43.579  INFO 26135 --- [    Test worker] o.s.s.web.DefaultSecurityFilterChain     : Creating filter chain: any request, [org.springframework.security.web.context.request.async.WebAsyncManagerIntegrationFilter@5387a4ad, org.springframework.security.web.context.SecurityContextPersistenceFilter@40a4324e, org.springframework.security.web.header.HeaderWriterFilter@64c5f2aa, org.springframework.security.web.csrf.CsrfFilter@38e7a9d7, org.springframework.security.web.authentication.logout.LogoutFilter@6eab139f, org.springframework.security.web.authentication.UsernamePasswordAuthenticationFilter@353a342d, org.springframework.security.web.authentication.ui.DefaultLoginPageGeneratingFilter@1e7dadb, org.springframework.security.web.authentication.ui.DefaultLogoutPageGeneratingFilter@3a0fb95e, org.springframework.security.web.authentication.www.BasicAuthenticationFilter@5db8f266, org.springframework.security.web.savedrequest.RequestCacheAwareFilter@3091aa6b, org.springframework.security.web.servletapi.SecurityContextHolderAwareRequestFilter@614a6f60, org.springframework.security.web.authentication.AnonymousAuthenticationFilter@4635cc88, org.springframework.security.web.session.SessionManagementFilter@41e166e5, org.springframework.security.web.access.ExceptionTranslationFilter@4a2cab24, org.springframework.security.web.access.intercept.FilterSecurityInterceptor@632e1186]
2020-08-10 11:08:43.650  INFO 26135 --- [    Test worker] c.k.h.Homework11ApplicationTests         : Started Homework11ApplicationTests in 3.351 seconds (JVM running for 4.64)
]]></system-out>
  <system-err><![CDATA[]]></system-err>
</testsuite>
